<?xml version="1.0" encoding="UTF-8"?>
<!-- Generated by org.testng.reporters.JUnitReportReporter -->
<testsuite hostname="DESKTOP-7BIQ3MP" failures="2" tests="2" name="cucumberOptions.TestRuner" time="29.170" errors="0" timestamp="16 Aug 2021 07:57:06 GMT">
  <testcase classname="cucumberOptions.TestRuner" name="feature" time="3.344">
    <failure message="org.openqa.selenium.SessionNotCreatedException: session not created: This version of ChromeDriver only supports Chrome version 89
Current browser version is 92.0.4515.131 with binary path C:\Program Files (x86)\Google\Chrome\Application\chrome.exe
Build info: version: &#039;3.4.0&#039;, revision: &#039;unknown&#039;, time: &#039;unknown&#039;
System info: host: &#039;DESKTOP-7BIQ3MP&#039;, ip: &#039;192.168.1.8&#039;, os.name: &#039;Windows 10&#039;, os.arch: &#039;amd64&#039;, os.version: &#039;10.0&#039;, java.version: &#039;15.0.1&#039;
Driver info: driver.version: ChromeDriver
remote stacktrace: Backtrace:
	Ordinal0 [0x00F9E7D3+124883]
	Ordinal0 [0x00F9E7B1+124849]
	GetHandleVerifier [0x011E8688+193832]
	GetHandleVerifier [0x01203AC5+305509]
	GetHandleVerifier [0x0120021B+291003]
	GetHandleVerifier [0x011FE0AC+282444]
	GetHandleVerifier [0x01224A90+440624]
	GetHandleVerifier [0x012247FC+439964]
	GetHandleVerifier [0x0122154B+426987]
	GetHandleVerifier [0x01204FFD+310941]
	GetHandleVerifier [0x01205D8E+314414]
	GetHandleVerifier [0x01205D19+314297]
	GetHandleVerifier [0x012C31EC+1089676]
	GetHandleVerifier [0x012C17C9+1082985]
	GetHandleVerifier [0x012C13A3+1081923]
	GetHandleVerifier [0x013BD9FD+2115741]
	Ordinal0 [0x010EB82E+1488942]
	Ordinal0 [0x01085A7D+1071741]
	Ordinal0 [0x0108559B+1070491]
	Ordinal0 [0x010854B1+1070257]
	Ordinal0 [0x010BFF53+1310547]
	BaseThreadInitThunk [0x7573FA29+25]
	RtlGetAppContainerNamedObjectPath [0x77237A7E+286]
	RtlGetAppContainerNamedObjectPath [0x77237A4E+238]
" type="cucumber.runtime.CucumberException">
      <![CDATA[cucumber.runtime.CucumberException: org.openqa.selenium.SessionNotCreatedException: session not created: This version of ChromeDriver only supports Chrome version 89
Current browser version is 92.0.4515.131 with binary path C:\Program Files (x86)\Google\Chrome\Application\chrome.exe
Build info: version: '3.4.0', revision: 'unknown', time: 'unknown'
System info: host: 'DESKTOP-7BIQ3MP', ip: '192.168.1.8', os.name: 'Windows 10', os.arch: 'amd64', os.version: '10.0', java.version: '15.0.1'
Driver info: driver.version: ChromeDriver
remote stacktrace: Backtrace:
	Ordinal0 [0x00F9E7D3+124883]
	Ordinal0 [0x00F9E7B1+124849]
	GetHandleVerifier [0x011E8688+193832]
	GetHandleVerifier [0x01203AC5+305509]
	GetHandleVerifier [0x0120021B+291003]
	GetHandleVerifier [0x011FE0AC+282444]
	GetHandleVerifier [0x01224A90+440624]
	GetHandleVerifier [0x012247FC+439964]
	GetHandleVerifier [0x0122154B+426987]
	GetHandleVerifier [0x01204FFD+310941]
	GetHandleVerifier [0x01205D8E+314414]
	GetHandleVerifier [0x01205D19+314297]
	GetHandleVerifier [0x012C31EC+1089676]
	GetHandleVerifier [0x012C17C9+1082985]
	GetHandleVerifier [0x012C13A3+1081923]
	GetHandleVerifier [0x013BD9FD+2115741]
	Ordinal0 [0x010EB82E+1488942]
	Ordinal0 [0x01085A7D+1071741]
	Ordinal0 [0x0108559B+1070491]
	Ordinal0 [0x010854B1+1070257]
	Ordinal0 [0x010BFF53+1310547]
	BaseThreadInitThunk [0x7573FA29+25]
	RtlGetAppContainerNamedObjectPath [0x77237A7E+286]
	RtlGetAppContainerNamedObjectPath [0x77237A4E+238]

	at cucumber.api.testng.TestNGCucumberRunner.runCucumber(TestNGCucumberRunner.java:69)
	at cucumber.api.testng.AbstractTestNGCucumberTests.feature(AbstractTestNGCucumberTests.java:21)
	at java.base/jdk.internal.reflect.NativeMethodAccessorImpl.invoke0(Native Method)
	at java.base/jdk.internal.reflect.NativeMethodAccessorImpl.invoke(NativeMethodAccessorImpl.java:64)
	at java.base/jdk.internal.reflect.DelegatingMethodAccessorImpl.invoke(DelegatingMethodAccessorImpl.java:43)
	at java.base/java.lang.reflect.Method.invoke(Method.java:564)
	at org.testng.internal.MethodInvocationHelper.invokeMethod(MethodInvocationHelper.java:80)
	at org.testng.internal.Invoker.invokeMethod(Invoker.java:714)
	at org.testng.internal.Invoker.invokeTestMethod(Invoker.java:901)
	at org.testng.internal.Invoker.invokeTestMethods(Invoker.java:1231)
	at org.testng.internal.TestMethodWorker.invokeTestMethods(TestMethodWorker.java:127)
	at org.testng.internal.TestMethodWorker.run(TestMethodWorker.java:111)
	at org.testng.TestRunner.privateRun(TestRunner.java:767)
	at org.testng.TestRunner.run(TestRunner.java:617)
	at org.testng.SuiteRunner.runTest(SuiteRunner.java:334)
	at org.testng.SuiteRunner.runSequentially(SuiteRunner.java:329)
	at org.testng.SuiteRunner.privateRun(SuiteRunner.java:291)
	at org.testng.SuiteRunner.run(SuiteRunner.java:240)
	at org.testng.SuiteRunnerWorker.runSuite(SuiteRunnerWorker.java:52)
	at org.testng.SuiteRunnerWorker.run(SuiteRunnerWorker.java:86)
	at org.testng.TestNG.runSuitesSequentially(TestNG.java:1198)
	at org.testng.TestNG.runSuitesLocally(TestNG.java:1123)
	at org.testng.TestNG.run(TestNG.java:1031)
	at org.apache.maven.surefire.testng.TestNGExecutor.run(TestNGExecutor.java:295)
	at org.apache.maven.surefire.testng.TestNGXmlTestSuite.execute(TestNGXmlTestSuite.java:84)
	at org.apache.maven.surefire.testng.TestNGProvider.invoke(TestNGProvider.java:90)
	at org.apache.maven.surefire.booter.ForkedBooter.invokeProviderInSameClassLoader(ForkedBooter.java:203)
	at org.apache.maven.surefire.booter.ForkedBooter.runSuitesInProcess(ForkedBooter.java:155)
	at org.apache.maven.surefire.booter.ForkedBooter.main(ForkedBooter.java:103)
Caused by: org.openqa.selenium.SessionNotCreatedException: session not created: This version of ChromeDriver only supports Chrome version 89
Current browser version is 92.0.4515.131 with binary path C:\Program Files (x86)\Google\Chrome\Application\chrome.exe
Build info: version: '3.4.0', revision: 'unknown', time: 'unknown'
System info: host: 'DESKTOP-7BIQ3MP', ip: '192.168.1.8', os.name: 'Windows 10', os.arch: 'amd64', os.version: '10.0', java.version: '15.0.1'
Driver info: driver.version: ChromeDriver
remote stacktrace: Backtrace:
	Ordinal0 [0x00F9E7D3+124883]
	Ordinal0 [0x00F9E7B1+124849]
	GetHandleVerifier [0x011E8688+193832]
	GetHandleVerifier [0x01203AC5+305509]
	GetHandleVerifier [0x0120021B+291003]
	GetHandleVerifier [0x011FE0AC+282444]
	GetHandleVerifier [0x01224A90+440624]
	GetHandleVerifier [0x012247FC+439964]
	GetHandleVerifier [0x0122154B+426987]
	GetHandleVerifier [0x01204FFD+310941]
	GetHandleVerifier [0x01205D8E+314414]
	GetHandleVerifier [0x01205D19+314297]
	GetHandleVerifier [0x012C31EC+1089676]
	GetHandleVerifier [0x012C17C9+1082985]
	GetHandleVerifier [0x012C13A3+1081923]
	GetHandleVerifier [0x013BD9FD+2115741]
	Ordinal0 [0x010EB82E+1488942]
	Ordinal0 [0x01085A7D+1071741]
	Ordinal0 [0x0108559B+1070491]
	Ordinal0 [0x010854B1+1070257]
	Ordinal0 [0x010BFF53+1310547]
	BaseThreadInitThunk [0x7573FA29+25]
	RtlGetAppContainerNamedObjectPath [0x77237A7E+286]
	RtlGetAppContainerNamedObjectPath [0x77237A4E+238]

	at java.base/jdk.internal.reflect.NativeConstructorAccessorImpl.newInstance0(Native Method)
	at java.base/jdk.internal.reflect.NativeConstructorAccessorImpl.newInstance(NativeConstructorAccessorImpl.java:64)
	at java.base/jdk.internal.reflect.DelegatingConstructorAccessorImpl.newInstance(DelegatingConstructorAccessorImpl.java:45)
	at java.base/java.lang.reflect.Constructor.newInstanceWithCaller(Constructor.java:500)
	at java.base/java.lang.reflect.Constructor.newInstance(Constructor.java:481)
	at org.openqa.selenium.remote.W3CHandshakeResponse.lambda$new$0(W3CHandshakeResponse.java:57)
	at org.openqa.selenium.remote.W3CHandshakeResponse.lambda$getResponseFunction$2(W3CHandshakeResponse.java:104)
	at org.openqa.selenium.remote.ProtocolHandshake.lambda$createSession$22(ProtocolHandshake.java:365)
	at java.base/java.util.stream.ReferencePipeline$3$1.accept(ReferencePipeline.java:195)
	at java.base/java.util.Spliterators$ArraySpliterator.tryAdvance(Spliterators.java:958)
	at java.base/java.util.stream.ReferencePipeline.forEachWithCancel(ReferencePipeline.java:127)
	at java.base/java.util.stream.AbstractPipeline.copyIntoWithCancel(AbstractPipeline.java:502)
	at java.base/java.util.stream.AbstractPipeline.copyInto(AbstractPipeline.java:488)
	at java.base/java.util.stream.AbstractPipeline.wrapAndCopyInto(AbstractPipeline.java:474)
	at java.base/java.util.stream.FindOps$FindOp.evaluateSequential(FindOps.java:150)
	at java.base/java.util.stream.AbstractPipeline.evaluate(AbstractPipeline.java:234)
	at java.base/java.util.stream.ReferencePipeline.findFirst(ReferencePipeline.java:543)
	at org.openqa.selenium.remote.ProtocolHandshake.createSession(ProtocolHandshake.java:368)
	at org.openqa.selenium.remote.ProtocolHandshake.createSession(ProtocolHandshake.java:159)
	at org.openqa.selenium.remote.HttpCommandExecutor.execute(HttpCommandExecutor.java:142)
	at org.openqa.selenium.remote.service.DriverCommandExecutor.execute(DriverCommandExecutor.java:82)
	at org.openqa.selenium.remote.RemoteWebDriver.execute(RemoteWebDriver.java:637)
	at org.openqa.selenium.remote.RemoteWebDriver.startSession(RemoteWebDriver.java:250)
	at org.openqa.selenium.remote.RemoteWebDriver.startSession(RemoteWebDriver.java:236)
	at org.openqa.selenium.remote.RemoteWebDriver.<init>(RemoteWebDriver.java:137)
	at org.openqa.selenium.chrome.ChromeDriver.<init>(ChromeDriver.java:184)
	at org.openqa.selenium.chrome.ChromeDriver.<init>(ChromeDriver.java:171)
	at org.openqa.selenium.chrome.ChromeDriver.<init>(ChromeDriver.java:124)
	at stepDefinition.CommonStepDefinition.setUp(CommonStepDefinition.java:15)
	at java.base/jdk.internal.reflect.NativeMethodAccessorImpl.invoke0(Native Method)
	at java.base/jdk.internal.reflect.NativeMethodAccessorImpl.invoke(NativeMethodAccessorImpl.java:64)
	at java.base/jdk.internal.reflect.DelegatingMethodAccessorImpl.invoke(DelegatingMethodAccessorImpl.java:43)
	at java.base/java.lang.reflect.Method.invoke(Method.java:564)
	at cucumber.runtime.Utils$1.call(Utils.java:40)
	at cucumber.runtime.Timeout.timeout(Timeout.java:16)
	at cucumber.runtime.Utils.invoke(Utils.java:34)
	at cucumber.runtime.java.JavaHookDefinition.execute(JavaHookDefinition.java:60)
	at cucumber.runtime.Runtime.runHookIfTagsMatch(Runtime.java:224)
	at cucumber.runtime.Runtime.runHooks(Runtime.java:212)
	at cucumber.runtime.Runtime.runBeforeHooks(Runtime.java:202)
	at cucumber.runtime.model.CucumberScenario.run(CucumberScenario.java:40)
	at cucumber.runtime.model.CucumberFeature.run(CucumberFeature.java:165)
	at cucumber.api.testng.TestNGCucumberRunner.runCucumber(TestNGCucumberRunner.java:63)
	... 28 more
]]>
    </failure>
  </testcase> <!-- feature -->
  <testcase classname="cucumberOptions.TestRuner" name="feature" time="25.826">
    <failure message="org.openqa.selenium.SessionNotCreatedException: session not created: This version of ChromeDriver only supports Chrome version 89
Current browser version is 92.0.4515.131 with binary path C:\Program Files (x86)\Google\Chrome\Application\chrome.exe
Build info: version: &#039;3.4.0&#039;, revision: &#039;unknown&#039;, time: &#039;unknown&#039;
System info: host: &#039;DESKTOP-7BIQ3MP&#039;, ip: &#039;192.168.1.8&#039;, os.name: &#039;Windows 10&#039;, os.arch: &#039;amd64&#039;, os.version: &#039;10.0&#039;, java.version: &#039;15.0.1&#039;
Driver info: driver.version: ChromeDriver
remote stacktrace: Backtrace:
	Ordinal0 [0x00F9E7D3+124883]
	Ordinal0 [0x00F9E7B1+124849]
	GetHandleVerifier [0x011E8688+193832]
	GetHandleVerifier [0x01203AC5+305509]
	GetHandleVerifier [0x0120021B+291003]
	GetHandleVerifier [0x011FE0AC+282444]
	GetHandleVerifier [0x01224A90+440624]
	GetHandleVerifier [0x012247FC+439964]
	GetHandleVerifier [0x0122154B+426987]
	GetHandleVerifier [0x01204FFD+310941]
	GetHandleVerifier [0x01205D8E+314414]
	GetHandleVerifier [0x01205D19+314297]
	GetHandleVerifier [0x012C31EC+1089676]
	GetHandleVerifier [0x012C17C9+1082985]
	GetHandleVerifier [0x012C13A3+1081923]
	GetHandleVerifier [0x013BD9FD+2115741]
	Ordinal0 [0x010EB82E+1488942]
	Ordinal0 [0x01085A7D+1071741]
	Ordinal0 [0x0108559B+1070491]
	Ordinal0 [0x010854B1+1070257]
	Ordinal0 [0x010BFF53+1310547]
	BaseThreadInitThunk [0x7573FA29+25]
	RtlGetAppContainerNamedObjectPath [0x77237A7E+286]
	RtlGetAppContainerNamedObjectPath [0x77237A4E+238]
" type="cucumber.runtime.CucumberException">
      <![CDATA[cucumber.runtime.CucumberException: org.openqa.selenium.SessionNotCreatedException: session not created: This version of ChromeDriver only supports Chrome version 89
Current browser version is 92.0.4515.131 with binary path C:\Program Files (x86)\Google\Chrome\Application\chrome.exe
Build info: version: '3.4.0', revision: 'unknown', time: 'unknown'
System info: host: 'DESKTOP-7BIQ3MP', ip: '192.168.1.8', os.name: 'Windows 10', os.arch: 'amd64', os.version: '10.0', java.version: '15.0.1'
Driver info: driver.version: ChromeDriver
remote stacktrace: Backtrace:
	Ordinal0 [0x00F9E7D3+124883]
	Ordinal0 [0x00F9E7B1+124849]
	GetHandleVerifier [0x011E8688+193832]
	GetHandleVerifier [0x01203AC5+305509]
	GetHandleVerifier [0x0120021B+291003]
	GetHandleVerifier [0x011FE0AC+282444]
	GetHandleVerifier [0x01224A90+440624]
	GetHandleVerifier [0x012247FC+439964]
	GetHandleVerifier [0x0122154B+426987]
	GetHandleVerifier [0x01204FFD+310941]
	GetHandleVerifier [0x01205D8E+314414]
	GetHandleVerifier [0x01205D19+314297]
	GetHandleVerifier [0x012C31EC+1089676]
	GetHandleVerifier [0x012C17C9+1082985]
	GetHandleVerifier [0x012C13A3+1081923]
	GetHandleVerifier [0x013BD9FD+2115741]
	Ordinal0 [0x010EB82E+1488942]
	Ordinal0 [0x01085A7D+1071741]
	Ordinal0 [0x0108559B+1070491]
	Ordinal0 [0x010854B1+1070257]
	Ordinal0 [0x010BFF53+1310547]
	BaseThreadInitThunk [0x7573FA29+25]
	RtlGetAppContainerNamedObjectPath [0x77237A7E+286]
	RtlGetAppContainerNamedObjectPath [0x77237A4E+238]

	at cucumber.api.testng.TestNGCucumberRunner.runCucumber(TestNGCucumberRunner.java:69)
	at cucumber.api.testng.AbstractTestNGCucumberTests.feature(AbstractTestNGCucumberTests.java:21)
	at java.base/jdk.internal.reflect.NativeMethodAccessorImpl.invoke0(Native Method)
	at java.base/jdk.internal.reflect.NativeMethodAccessorImpl.invoke(NativeMethodAccessorImpl.java:64)
	at java.base/jdk.internal.reflect.DelegatingMethodAccessorImpl.invoke(DelegatingMethodAccessorImpl.java:43)
	at java.base/java.lang.reflect.Method.invoke(Method.java:564)
	at org.testng.internal.MethodInvocationHelper.invokeMethod(MethodInvocationHelper.java:80)
	at org.testng.internal.Invoker.invokeMethod(Invoker.java:714)
	at org.testng.internal.Invoker.invokeTestMethod(Invoker.java:901)
	at org.testng.internal.Invoker.invokeTestMethods(Invoker.java:1231)
	at org.testng.internal.TestMethodWorker.invokeTestMethods(TestMethodWorker.java:127)
	at org.testng.internal.TestMethodWorker.run(TestMethodWorker.java:111)
	at org.testng.TestRunner.privateRun(TestRunner.java:767)
	at org.testng.TestRunner.run(TestRunner.java:617)
	at org.testng.SuiteRunner.runTest(SuiteRunner.java:334)
	at org.testng.SuiteRunner.runSequentially(SuiteRunner.java:329)
	at org.testng.SuiteRunner.privateRun(SuiteRunner.java:291)
	at org.testng.SuiteRunner.run(SuiteRunner.java:240)
	at org.testng.SuiteRunnerWorker.runSuite(SuiteRunnerWorker.java:52)
	at org.testng.SuiteRunnerWorker.run(SuiteRunnerWorker.java:86)
	at org.testng.TestNG.runSuitesSequentially(TestNG.java:1198)
	at org.testng.TestNG.runSuitesLocally(TestNG.java:1123)
	at org.testng.TestNG.run(TestNG.java:1031)
	at org.apache.maven.surefire.testng.TestNGExecutor.run(TestNGExecutor.java:295)
	at org.apache.maven.surefire.testng.TestNGXmlTestSuite.execute(TestNGXmlTestSuite.java:84)
	at org.apache.maven.surefire.testng.TestNGProvider.invoke(TestNGProvider.java:90)
	at org.apache.maven.surefire.booter.ForkedBooter.invokeProviderInSameClassLoader(ForkedBooter.java:203)
	at org.apache.maven.surefire.booter.ForkedBooter.runSuitesInProcess(ForkedBooter.java:155)
	at org.apache.maven.surefire.booter.ForkedBooter.main(ForkedBooter.java:103)
Caused by: org.openqa.selenium.SessionNotCreatedException: session not created: This version of ChromeDriver only supports Chrome version 89
Current browser version is 92.0.4515.131 with binary path C:\Program Files (x86)\Google\Chrome\Application\chrome.exe
Build info: version: '3.4.0', revision: 'unknown', time: 'unknown'
System info: host: 'DESKTOP-7BIQ3MP', ip: '192.168.1.8', os.name: 'Windows 10', os.arch: 'amd64', os.version: '10.0', java.version: '15.0.1'
Driver info: driver.version: ChromeDriver
remote stacktrace: Backtrace:
	Ordinal0 [0x00F9E7D3+124883]
	Ordinal0 [0x00F9E7B1+124849]
	GetHandleVerifier [0x011E8688+193832]
	GetHandleVerifier [0x01203AC5+305509]
	GetHandleVerifier [0x0120021B+291003]
	GetHandleVerifier [0x011FE0AC+282444]
	GetHandleVerifier [0x01224A90+440624]
	GetHandleVerifier [0x012247FC+439964]
	GetHandleVerifier [0x0122154B+426987]
	GetHandleVerifier [0x01204FFD+310941]
	GetHandleVerifier [0x01205D8E+314414]
	GetHandleVerifier [0x01205D19+314297]
	GetHandleVerifier [0x012C31EC+1089676]
	GetHandleVerifier [0x012C17C9+1082985]
	GetHandleVerifier [0x012C13A3+1081923]
	GetHandleVerifier [0x013BD9FD+2115741]
	Ordinal0 [0x010EB82E+1488942]
	Ordinal0 [0x01085A7D+1071741]
	Ordinal0 [0x0108559B+1070491]
	Ordinal0 [0x010854B1+1070257]
	Ordinal0 [0x010BFF53+1310547]
	BaseThreadInitThunk [0x7573FA29+25]
	RtlGetAppContainerNamedObjectPath [0x77237A7E+286]
	RtlGetAppContainerNamedObjectPath [0x77237A4E+238]

	at java.base/jdk.internal.reflect.NativeConstructorAccessorImpl.newInstance0(Native Method)
	at java.base/jdk.internal.reflect.NativeConstructorAccessorImpl.newInstance(NativeConstructorAccessorImpl.java:64)
	at java.base/jdk.internal.reflect.DelegatingConstructorAccessorImpl.newInstance(DelegatingConstructorAccessorImpl.java:45)
	at java.base/java.lang.reflect.Constructor.newInstanceWithCaller(Constructor.java:500)
	at java.base/java.lang.reflect.Constructor.newInstance(Constructor.java:481)
	at org.openqa.selenium.remote.W3CHandshakeResponse.lambda$new$0(W3CHandshakeResponse.java:57)
	at org.openqa.selenium.remote.W3CHandshakeResponse.lambda$getResponseFunction$2(W3CHandshakeResponse.java:104)
	at org.openqa.selenium.remote.ProtocolHandshake.lambda$createSession$22(ProtocolHandshake.java:365)
	at java.base/java.util.stream.ReferencePipeline$3$1.accept(ReferencePipeline.java:195)
	at java.base/java.util.Spliterators$ArraySpliterator.tryAdvance(Spliterators.java:958)
	at java.base/java.util.stream.ReferencePipeline.forEachWithCancel(ReferencePipeline.java:127)
	at java.base/java.util.stream.AbstractPipeline.copyIntoWithCancel(AbstractPipeline.java:502)
	at java.base/java.util.stream.AbstractPipeline.copyInto(AbstractPipeline.java:488)
	at java.base/java.util.stream.AbstractPipeline.wrapAndCopyInto(AbstractPipeline.java:474)
	at java.base/java.util.stream.FindOps$FindOp.evaluateSequential(FindOps.java:150)
	at java.base/java.util.stream.AbstractPipeline.evaluate(AbstractPipeline.java:234)
	at java.base/java.util.stream.ReferencePipeline.findFirst(ReferencePipeline.java:543)
	at org.openqa.selenium.remote.ProtocolHandshake.createSession(ProtocolHandshake.java:368)
	at org.openqa.selenium.remote.ProtocolHandshake.createSession(ProtocolHandshake.java:159)
	at org.openqa.selenium.remote.HttpCommandExecutor.execute(HttpCommandExecutor.java:142)
	at org.openqa.selenium.remote.service.DriverCommandExecutor.execute(DriverCommandExecutor.java:82)
	at org.openqa.selenium.remote.RemoteWebDriver.execute(RemoteWebDriver.java:637)
	at org.openqa.selenium.remote.RemoteWebDriver.startSession(RemoteWebDriver.java:250)
	at org.openqa.selenium.remote.RemoteWebDriver.startSession(RemoteWebDriver.java:236)
	at org.openqa.selenium.remote.RemoteWebDriver.<init>(RemoteWebDriver.java:137)
	at org.openqa.selenium.chrome.ChromeDriver.<init>(ChromeDriver.java:184)
	at org.openqa.selenium.chrome.ChromeDriver.<init>(ChromeDriver.java:171)
	at org.openqa.selenium.chrome.ChromeDriver.<init>(ChromeDriver.java:124)
	at stepDefinition.CommonStepDefinition.setUp(CommonStepDefinition.java:15)
	at java.base/jdk.internal.reflect.NativeMethodAccessorImpl.invoke0(Native Method)
	at java.base/jdk.internal.reflect.NativeMethodAccessorImpl.invoke(NativeMethodAccessorImpl.java:64)
	at java.base/jdk.internal.reflect.DelegatingMethodAccessorImpl.invoke(DelegatingMethodAccessorImpl.java:43)
	at java.base/java.lang.reflect.Method.invoke(Method.java:564)
	at cucumber.runtime.Utils$1.call(Utils.java:40)
	at cucumber.runtime.Timeout.timeout(Timeout.java:16)
	at cucumber.runtime.Utils.invoke(Utils.java:34)
	at cucumber.runtime.java.JavaHookDefinition.execute(JavaHookDefinition.java:60)
	at cucumber.runtime.Runtime.runHookIfTagsMatch(Runtime.java:224)
	at cucumber.runtime.Runtime.runHooks(Runtime.java:212)
	at cucumber.runtime.Runtime.runBeforeHooks(Runtime.java:202)
	at cucumber.runtime.model.CucumberScenario.run(CucumberScenario.java:40)
	at cucumber.runtime.model.CucumberFeature.run(CucumberFeature.java:165)
	at cucumber.api.testng.TestNGCucumberRunner.runCucumber(TestNGCucumberRunner.java:63)
	... 28 more
]]>
    </failure>
  </testcase> <!-- feature -->
</testsuite> <!-- cucumberOptions.TestRuner -->
